<?xml version="1.0" encoding="UTF-8"?>
<!-- Generated by org.testng.reporters.JUnitReportReporter -->
<testsuite hostname="FFE-Sunil-Kumar-TYP855" failures="0" tests="1" name="basics.TestAMM" time="6.964" errors="0" timestamp="2023-08-28T15:12:39 IST" skipped="0">
  <testcase classname="basics.TestAMM" name="testCaseID011" time="6.964"/>
</testsuite> <!-- basics.TestAMM -->
