<?xml version="1.0" encoding="UTF-8"?>
<!-- Generated by org.testng.reporters.JUnitReportReporter -->
<testsuite hostname="FFE-Sunil-Kumar-TYP855" failures="0" tests="1" name="basics.TestM2" time="5.246" errors="0" timestamp="2023-08-28T15:36:18 IST" skipped="0">
  <testcase classname="basics.TestM2" name="testCaseID012" time="5.246"/>
</testsuite> <!-- basics.TestM2 -->
